<?xml version="1.0" encoding="UTF-8"?>
<testsuite xmlns:xsi="http://www.w3.org/2001/XMLSchema-instance" xsi:noNamespaceSchemaLocation="https://maven.apache.org/surefire/maven-surefire-plugin/xsd/surefire-test-report-3.0.xsd" version="3.0" name="br.usp.each.ericksonlbs.imc.IMCTest" time="0.059" tests="6" errors="0" skipped="0" failures="0">
  <properties>
    <property name="java.specification.version" value="21"/>
    <property name="sun.cpu.isalist" value="amd64"/>
    <property name="jaguar2.classesDirs" value="target/classes"/>
    <property name="sun.jnu.encoding" value="Cp1252"/>
    <property name="java.class.path" value="C:\Users\wesle\OneDrive\Área de Trabalho\IMC-Aula\IMC-Aula\target\test-classes;C:\Users\wesle\OneDrive\Área de Trabalho\IMC-Aula\IMC-Aula\target\classes;C:\Users\wesle\.m2\repository\junit\junit\4.11\junit-4.11.jar;C:\Users\wesle\.m2\repository\org\hamcrest\hamcrest-core\1.3\hamcrest-core-1.3.jar;C:\Users\wesle\.m2\repository\br\usp\each\saeg\jaguar2-junit4\0.0.1-SNAPSHOT\jaguar2-junit4-0.0.1-SNAPSHOT.jar;C:\Users\wesle\.m2\repository\br\usp\each\saeg\jaguar2-core\0.0.1-SNAPSHOT\jaguar2-core-0.0.1-SNAPSHOT.jar;C:\Users\wesle\.m2\repository\br\usp\each\saeg\jaguar2-jacoco-provider\0.0.1-SNAPSHOT\jaguar2-jacoco-provider-0.0.1-SNAPSHOT.jar;C:\Users\wesle\.m2\repository\br\usp\each\saeg\jaguar2-api\0.0.1-SNAPSHOT\jaguar2-api-0.0.1-SNAPSHOT.jar;C:\Users\wesle\.m2\repository\br\usp\each\saeg\jaguar2-commons\0.0.1-SNAPSHOT\jaguar2-commons-0.0.1-SNAPSHOT.jar;C:\Users\wesle\.m2\repository\org\jacoco\org.jacoco.core\0.8.7\org.jacoco.core-0.8.7.jar;C:\Users\wesle\.m2\repository\org\ow2\asm\asm\9.1\asm-9.1.jar;C:\Users\wesle\.m2\repository\org\ow2\asm\asm-commons\9.1\asm-commons-9.1.jar;C:\Users\wesle\.m2\repository\org\ow2\asm\asm-analysis\9.1\asm-analysis-9.1.jar;C:\Users\wesle\.m2\repository\org\ow2\asm\asm-tree\9.1\asm-tree-9.1.jar;C:\Users\wesle\.m2\repository\br\usp\each\saeg\jaguar2-xml-exporter\0.0.1-SNAPSHOT\jaguar2-xml-exporter-0.0.1-SNAPSHOT.jar;"/>
    <property name="java.vm.vendor" value="Oracle Corporation"/>
    <property name="sun.arch.data.model" value="64"/>
    <property name="user.variant" value=""/>
    <property name="java.vendor.url" value="https://java.oracle.com/"/>
    <property name="user.timezone" value="America/Sao_Paulo"/>
    <property name="os.name" value="Windows 11"/>
    <property name="java.vm.specification.version" value="21"/>
    <property name="sun.java.launcher" value="SUN_STANDARD"/>
    <property name="user.country" value="BR"/>
    <property name="sun.boot.library.path" value="C:\Program Files\Java\jdk-21\bin"/>
    <property name="sun.java.command" value="C:\Users\wesle\AppData\Local\Temp\surefire9223840170394444185\surefirebooter-20230924080215581_3.jar C:\Users\wesle\AppData\Local\Temp\surefire9223840170394444185 2023-09-24T08-02-15_488-jvmRun1 surefire-20230924080215581_1tmp surefire_0-20230924080215581_2tmp"/>
    <property name="jdk.debug" value="release"/>
    <property name="surefire.test.class.path" value="C:\Users\wesle\OneDrive\Área de Trabalho\IMC-Aula\IMC-Aula\target\test-classes;C:\Users\wesle\OneDrive\Área de Trabalho\IMC-Aula\IMC-Aula\target\classes;C:\Users\wesle\.m2\repository\junit\junit\4.11\junit-4.11.jar;C:\Users\wesle\.m2\repository\org\hamcrest\hamcrest-core\1.3\hamcrest-core-1.3.jar;C:\Users\wesle\.m2\repository\br\usp\each\saeg\jaguar2-junit4\0.0.1-SNAPSHOT\jaguar2-junit4-0.0.1-SNAPSHOT.jar;C:\Users\wesle\.m2\repository\br\usp\each\saeg\jaguar2-core\0.0.1-SNAPSHOT\jaguar2-core-0.0.1-SNAPSHOT.jar;C:\Users\wesle\.m2\repository\br\usp\each\saeg\jaguar2-jacoco-provider\0.0.1-SNAPSHOT\jaguar2-jacoco-provider-0.0.1-SNAPSHOT.jar;C:\Users\wesle\.m2\repository\br\usp\each\saeg\jaguar2-api\0.0.1-SNAPSHOT\jaguar2-api-0.0.1-SNAPSHOT.jar;C:\Users\wesle\.m2\repository\br\usp\each\saeg\jaguar2-commons\0.0.1-SNAPSHOT\jaguar2-commons-0.0.1-SNAPSHOT.jar;C:\Users\wesle\.m2\repository\org\jacoco\org.jacoco.core\0.8.7\org.jacoco.core-0.8.7.jar;C:\Users\wesle\.m2\repository\org\ow2\asm\asm\9.1\asm-9.1.jar;C:\Users\wesle\.m2\repository\org\ow2\asm\asm-commons\9.1\asm-commons-9.1.jar;C:\Users\wesle\.m2\repository\org\ow2\asm\asm-analysis\9.1\asm-analysis-9.1.jar;C:\Users\wesle\.m2\repository\org\ow2\asm\asm-tree\9.1\asm-tree-9.1.jar;C:\Users\wesle\.m2\repository\br\usp\each\saeg\jaguar2-xml-exporter\0.0.1-SNAPSHOT\jaguar2-xml-exporter-0.0.1-SNAPSHOT.jar;"/>
    <property name="sun.cpu.endian" value="little"/>
    <property name="user.home" value="C:\Users\wesle"/>
    <property name="user.language" value="pt"/>
    <property name="java.specification.vendor" value="Oracle Corporation"/>
    <property name="java.version.date" value="2023-09-19"/>
    <property name="java.home" value="C:\Program Files\Java\jdk-21"/>
    <property name="file.separator" value="\"/>
    <property name="basedir" value="C:\Users\wesle\OneDrive\Área de Trabalho\IMC-Aula\IMC-Aula"/>
    <property name="java.vm.compressedOopsMode" value="Zero based"/>
    <property name="line.separator" value="&#10;"/>
    <property name="java.vm.specification.vendor" value="Oracle Corporation"/>
    <property name="java.specification.name" value="Java Platform API Specification"/>
    <property name="surefire.real.class.path" value="C:\Users\wesle\AppData\Local\Temp\surefire9223840170394444185\surefirebooter-20230924080215581_3.jar"/>
    <property name="user.script" value=""/>
    <property name="sun.management.compiler" value="HotSpot 64-Bit Tiered Compilers"/>
    <property name="java.runtime.version" value="21+35-LTS-2513"/>
    <property name="user.name" value="wesle"/>
    <property name="stdout.encoding" value="Cp1252"/>
    <property name="path.separator" value=";"/>
    <property name="os.version" value="10.0"/>
    <property name="java.runtime.name" value="Java(TM) SE Runtime Environment"/>
    <property name="file.encoding" value="UTF-8"/>
    <property name="java.vm.name" value="Java HotSpot(TM) 64-Bit Server VM"/>
    <property name="localRepository" value="C:\Users\wesle\.m2\repository"/>
    <property name="java.vendor.url.bug" value="https://bugreport.java.com/bugreport/"/>
    <property name="java.io.tmpdir" value="C:\Users\wesle\AppData\Local\Temp\"/>
    <property name="java.version" value="21"/>
    <property name="user.dir" value="C:\Users\wesle\OneDrive\Área de Trabalho\IMC-Aula\IMC-Aula"/>
    <property name="os.arch" value="amd64"/>
    <property name="java.vm.specification.name" value="Java Virtual Machine Specification"/>
    <property name="sun.os.patch.level" value=""/>
    <property name="native.encoding" value="Cp1252"/>
    <property name="java.library.path" value="C:\Program Files\Java\jdk-21\bin;C:\WINDOWS\Sun\Java\bin;C:\WINDOWS\system32;C:\WINDOWS;C:\Program Files\Common Files\Oracle\Java\javapath;C:\Program Files\Microsoft MPI\Bin\;C:\Program Files\Oculus\Support\oculus-runtime;C:\Program Files (x86)\Common Files\Oracle\Java\javapath;C:\WINDOWS\system32;C:\WINDOWS;C:\WINDOWS\System32\Wbem;C:\WINDOWS\System32\WindowsPowerShell\v1.0\;C:\WINDOWS\System32\OpenSSH\;C:\Program Files\NVIDIA Corporation\NVIDIA NvDLISR;C:\Program Files\Microsoft SQL Server\150\Tools\Binn\;C:\Program Files\Microsoft SQL Server\Client SDK\ODBC\170\Tools\Binn\;C:\Program Files (x86)\NVIDIA Corporation\PhysX\Common;C:\Program Files\nodejs\;C:\WINDOWS\system32;C:\WINDOWS;C:\WINDOWS\System32\Wbem;C:\WINDOWS\System32\WindowsPowerShell\v1.0\;C:\WINDOWS\System32\OpenSSH\;C:\Program Files\dotnet\;C:\Program Files (x86)\Microsoft SQL Server\160\Tools\Binn\;C:\Program Files\Microsoft SQL Server\160\Tools\Binn\;C:\Program Files\Microsoft SQL Server\160\DTS\Binn\;C:\Program Files (x86)\Microsoft SQL Server\160\DTS\Binn\;C:\Program Files\Azure Data Studio\bin;C:\Program Files\Git\cmd;C:\Program Files\apache-maven-3.9.4\bin;C:\Users\wesle\AppData\Local\Microsoft\WindowsApps;C:\Users\wesle\AppData\Roaming\npm;C:\Users\wesle\.dotnet\tools;C:\Program Files\Azure Data Studio\bin;C:\Users\wesle\AppData\Local\Programs\Microsoft VS Code\bin;."/>
    <property name="java.vm.info" value="mixed mode, sharing"/>
    <property name="stderr.encoding" value="Cp1252"/>
    <property name="java.vendor" value="Oracle Corporation"/>
    <property name="java.vm.version" value="21+35-LTS-2513"/>
    <property name="sun.io.unicode.encoding" value="UnicodeLittle"/>
    <property name="java.class.version" value="65.0"/>
  </properties>
  <testcase name="test1" classname="br.usp.each.ericksonlbs.imc.IMCTest" time="0.003"/>
  <testcase name="test2" classname="br.usp.each.ericksonlbs.imc.IMCTest" time="0.0"/>
  <testcase name="test3" classname="br.usp.each.ericksonlbs.imc.IMCTest" time="0.0"/>
  <testcase name="test4" classname="br.usp.each.ericksonlbs.imc.IMCTest" time="0.0"/>
  <testcase name="test5" classname="br.usp.each.ericksonlbs.imc.IMCTest" time="0.001"/>
  <testcase name="test6" classname="br.usp.each.ericksonlbs.imc.IMCTest" time="0.0"/>
</testsuite>